flattenverilog: Usage: -in <input vlog file> 
flattenverilog:        -top <name-of-module-to-be-flattened> 
flattenverilog:        -out <output file name >
flattenverilog:          -in <input verilog file> , input verilog file
flattenverilog:          [-f <file-containing-list-of-vlog-files>] 
flattenverilog:          [-excludefilelist <File containing files to be excluded>] 
flattenverilog:          [-v95] , disables System Verilog keyword
flattenverilog:          [-nowildcard] , disables wildcard processing in the input file name(s)
flattenverilog:          [+incdir+<include-path1>+<include-path2>] , search paths for the files included in the input verilog source
flattenverilog:          [+define+directive1+directive2=somevalue+dir3=43] , defines macros
flattenverilog:          [-declare_wires_for_undefined_obects] , declare wires for undefined the objects while populating verilog datamodel 
flattenverilog:          [-nokeywords byte:shortint] , List of colon separated names not-to-be treated as keyword
flattenverilog:          [-dump] , switch to enable save module/package into persistent disk data
flattenverilog:          [-restore <name>], switch to specify the colon(:) separated list of design unit(s) to be loaded from the prcompiled database
flattenverilog:          [-work <worklib>] , logical library where the module(s)/package(s) file to be saved; effective when is -dump is used
flattenverilog:          [-mapfile mapfile.ini] , logical t physical library mappings where each line is contains logicallibname=physicalpath; effective when is -dump is used
flattenverilog:          [-nobanner] , do not print the banner i.e. copyright information in the log messages 
flattenverilog:          [-dbg] , parses files in the debug mode
flattenverilog:          [-blackbox] , creates blackboxes for undefined modules
flattenverilog:          [-quiet ] , do not print log messages
flattenverilog:          [-suppress msgnum1:msgnum2:msgnum3] , suppresses messages with the given message numbers
flattenverilog:          [-encryption_key <password with 16 characters>] 
flattenverilog:          [-private_key_file <Binary file containig private key required for encryption] 
flattenverilog:          [-public_key_file <Binary file containig private key required for decryption] 
flattenverilog:          [-encryption_algorithm <algorithm name e.g. AES, RSA etc>]
flattenverilog:        [-enable_assignment_merge] , disables merging of assignment which otherwise gets generated as part of flattening
flattenverilog:        [-no_pattern_matching_in_assignment_merge] , disables merging of assignments based upon the expression pattern
flattenverilog:        [-elaborate] , elaborates design before flattening it
flattenverilog:        [-preserve_inst_names] , switch to keep the instance name exactly same as those were in the sub-hierarchies, use it carefully ... 
flattenverilog:        [-hier_delim <hierarchy-delimeter-character>] , default is '_' 
flattenverilog:        [+incdir+<include-path1>+<include-path2> , search paths for the files included in the input verilog source
flattenverilog:        [-stop_at_leaf] , stops flattening of leaf modules
flattenverilog:        [-exclude_modules modname1:modname2] , list of colon separated modules whose instances to be excluded from flattening 
flattenverilog:        [-preserve_nets name1:name2], specify list of pins/nets separated with colon(:) to prevent from prepending instance names while ungrouping
flattenverilog:        [-no_hier] , disables flattening of all hierarchies
flattenverilog:        [-no_braced_expr] , removes redundant braces i.e. () from binary expressions while printing
flattenverilog:        [-remove_unused_nets] , remove intermediate or unused nets
flattenverilog:        [-rename_nets] , shortens net names
flattenverilog:        [-print_rename_info] , prints details of name shortening, effective only if the switch -rename_nets is ued 
flattenverilog:        [-uniquify_nets] , uniquify nets to avaoid any conflict with other or existing identifier
flattenverilog:         The options inside the brace [] are optional

